0 info it worked if it ends with ok
1 verbose cli [ 'node', '/usr/local/bin/npm', 'install', 'grunt-ie-friendly' ]
2 info using npm@1.2.15
3 info using node@v0.10.1
4 verbose read json /Volumes/Data/Documents/Work/NG/Elion/elion-style/Elion-style/package.json
5 verbose read json /Volumes/Data/Documents/Work/NG/Elion/elion-style/Elion-style/node_modules/ansi-regex/package.json
6 verbose read json /Volumes/Data/Documents/Work/NG/Elion/elion-style/Elion-style/node_modules/ansi-styles/package.json
7 verbose read json /Volumes/Data/Documents/Work/NG/Elion/elion-style/Elion-style/node_modules/clean-css/package.json
8 verbose read json /Volumes/Data/Documents/Work/NG/Elion/elion-style/Elion-style/node_modules/css-mediaquery/package.json
9 verbose read json /Volumes/Data/Documents/Work/NG/Elion/elion-style/Elion-style/node_modules/css-parse/package.json
10 verbose read json /Volumes/Data/Documents/Work/NG/Elion/elion-style/Elion-style/node_modules/escape-string-regexp/package.json
11 verbose read json /Volumes/Data/Documents/Work/NG/Elion/elion-style/Elion-style/node_modules/grunt/package.json
12 verbose read json /Volumes/Data/Documents/Work/NG/Elion/elion-style/Elion-style/node_modules/grunt-autoprefixer/package.json
13 verbose read json /Volumes/Data/Documents/Work/NG/Elion/elion-style/Elion-style/node_modules/grunt-combine-media-queries/package.json
14 verbose read json /Volumes/Data/Documents/Work/NG/Elion/elion-style/Elion-style/node_modules/grunt-contrib-handlebars/package.json
15 verbose read json /Volumes/Data/Documents/Work/NG/Elion/elion-style/Elion-style/node_modules/grunt-contrib-watch/package.json
16 verbose read json /Volumes/Data/Documents/Work/NG/Elion/elion-style/Elion-style/node_modules/grunt-responsive-images/package.json
17 verbose read json /Volumes/Data/Documents/Work/NG/Elion/elion-style/Elion-style/node_modules/inherits/package.json
18 verbose read json /Volumes/Data/Documents/Work/NG/Elion/elion-style/Elion-style/node_modules/kew/package.json
19 verbose read json /Volumes/Data/Documents/Work/NG/Elion/elion-style/Elion-style/node_modules/progress/package.json
20 verbose read json /Volumes/Data/Documents/Work/NG/Elion/elion-style/Elion-style/node_modules/punycode/package.json
21 verbose read json /Volumes/Data/Documents/Work/NG/Elion/elion-style/Elion-style/node_modules/request-progress/package.json
22 verbose read json /Volumes/Data/Documents/Work/NG/Elion/elion-style/Elion-style/node_modules/source-map/package.json
23 verbose read json /Volumes/Data/Documents/Work/NG/Elion/elion-style/Elion-style/node_modules/supports-color/package.json
24 verbose read json /Volumes/Data/Documents/Work/NG/Elion/elion-style/Elion-style/node_modules/uncss/package.json
25 verbose read json /Volumes/Data/Documents/Work/NG/Elion/elion-style/Elion-style/node_modules/underscore/package.json
26 verbose from cache /Volumes/Data/Documents/Work/NG/Elion/elion-style/Elion-style/package.json
27 verbose readDependencies using package.json deps
28 verbose cache add [ 'grunt-ie-friendly', null ]
29 verbose cache add name=undefined spec="grunt-ie-friendly" args=["grunt-ie-friendly",null]
30 verbose parsed url { protocol: null,
30 verbose parsed url   slashes: null,
30 verbose parsed url   auth: null,
30 verbose parsed url   host: null,
30 verbose parsed url   port: null,
30 verbose parsed url   hostname: null,
30 verbose parsed url   hash: null,
30 verbose parsed url   search: null,
30 verbose parsed url   query: null,
30 verbose parsed url   pathname: 'grunt-ie-friendly',
30 verbose parsed url   path: 'grunt-ie-friendly',
30 verbose parsed url   href: 'grunt-ie-friendly' }
31 silly lockFile 1df27010-grunt-ie-friendly grunt-ie-friendly
32 verbose lock grunt-ie-friendly /Users/Mare/.npm/1df27010-grunt-ie-friendly.lock
33 silly lockFile 1df27010-grunt-ie-friendly grunt-ie-friendly
34 silly lockFile 1df27010-grunt-ie-friendly grunt-ie-friendly
35 verbose addNamed [ 'grunt-ie-friendly', '' ]
36 verbose addNamed [ null, '' ]
37 silly lockFile 7ec6df73-grunt-ie-friendly grunt-ie-friendly@
38 verbose lock grunt-ie-friendly@ /Users/Mare/.npm/7ec6df73-grunt-ie-friendly.lock
39 silly addNameRange { name: 'grunt-ie-friendly', range: '', hasData: false }
40 verbose url raw grunt-ie-friendly
41 verbose url resolving [ 'https://registry.npmjs.org/', './grunt-ie-friendly' ]
42 verbose url resolved https://registry.npmjs.org/grunt-ie-friendly
43 info trying registry request attempt 1 at 10:48:52
44 verbose etag "6RYCVQV550RGK3GJ1YMV53Y8V"
45 http GET https://registry.npmjs.org/grunt-ie-friendly
46 http 304 https://registry.npmjs.org/grunt-ie-friendly
47 silly registry.get cb [ 304,
47 silly registry.get   { date: 'Tue, 12 Aug 2014 07:48:52 GMT',
47 silly registry.get     server: 'Apache',
47 silly registry.get     via: '1.1 varnish',
47 silly registry.get     'last-modified': 'Tue, 12 Aug 2014 07:48:52 GMT',
47 silly registry.get     'cache-control': 'max-age=60',
47 silly registry.get     etag: '"6RYCVQV550RGK3GJ1YMV53Y8V"',
47 silly registry.get     'x-served-by': 'cache-ams4131-AMS',
47 silly registry.get     'x-cache': 'MISS',
47 silly registry.get     'x-cache-hits': '0',
47 silly registry.get     'x-timer': 'S1407829732.481083,VS0,VE169',
47 silly registry.get     vary: 'Accept',
47 silly registry.get     'content-length': '0',
47 silly registry.get     'keep-alive': 'timeout=10, max=50',
47 silly registry.get     connection: 'Keep-Alive' } ]
48 verbose etag grunt-ie-friendly from cache
49 silly addNameRange number 2 { name: 'grunt-ie-friendly', range: '', hasData: true }
50 silly addNameRange versions [ 'grunt-ie-friendly', [ '0.0.1', '0.1.0', '0.1.1', '0.1.2' ] ]
51 verbose addNamed [ 'grunt-ie-friendly', '0.1.2' ]
52 verbose addNamed [ '0.1.2', '0.1.2' ]
53 silly lockFile 857d09a4-grunt-ie-friendly-0-1-2 grunt-ie-friendly@0.1.2
54 verbose lock grunt-ie-friendly@0.1.2 /Users/Mare/.npm/857d09a4-grunt-ie-friendly-0-1-2.lock
55 verbose read json /Users/Mare/.npm/grunt-ie-friendly/0.1.2/package/package.json
56 silly lockFile 857d09a4-grunt-ie-friendly-0-1-2 grunt-ie-friendly@0.1.2
57 silly lockFile 857d09a4-grunt-ie-friendly-0-1-2 grunt-ie-friendly@0.1.2
58 silly lockFile 7ec6df73-grunt-ie-friendly grunt-ie-friendly@
59 silly lockFile 7ec6df73-grunt-ie-friendly grunt-ie-friendly@
60 silly resolved [ { name: 'grunt-ie-friendly',
60 silly resolved     description: 'Remove media queries for IE desktop styles',
60 silly resolved     version: '0.1.2',
60 silly resolved     homepage: 'https://github.com/grahamlicence/ie-friendly',
60 silly resolved     author: { name: 'Graham Licence' },
60 silly resolved     repository:
60 silly resolved      { type: 'git',
60 silly resolved        url: 'git://github.com/grahamlicence/ie-friendly' },
60 silly resolved     bugs: { url: 'https://github.com/grahamlicence/ie-friendly/issues' },
60 silly resolved     licenses: [ [Object] ],
60 silly resolved     engines: { node: '>= 0.8.0' },
60 silly resolved     scripts: { test: 'grunt test' },
60 silly resolved     devDependencies:
60 silly resolved      { 'grunt-contrib-jshint': '~0.6.0',
60 silly resolved        'grunt-contrib-clean': '~0.4.0',
60 silly resolved        'grunt-contrib-nodeunit': '~0.2.0',
60 silly resolved        'css-stringify': '~1.4.1',
60 silly resolved        'css-parse': '~1.7.0',
60 silly resolved        grunt: '~0.4.2' },
60 silly resolved     peerDependencies: { grunt: '~0.4.2' },
60 silly resolved     dependencies: { 'css-stringify': '*', 'css-parse': '*' },
60 silly resolved     keywords: [ 'gruntplugin' ],
60 silly resolved     readme: '# grunt-ie-friendly\r\n\r\n> Remove media queries for IE desktop styles and split large stylesheets into smaller sizes\r\n\r\n## Getting Started\r\nThis plugin requires Grunt `~0.4.2`\r\n\r\nIf you haven\'t used [Grunt](http://gruntjs.com/) before, be sure to check out the [Getting Started](http://gruntjs.com/getting-started) guide, as it explains how to create a [Gruntfile](http://gruntjs.com/sample-gruntfile) as well as install and use Grunt plugins. Once you\'re familiar with that process, you may install this plugin with this command:\r\n\r\n```shell\r\nnpm install grunt-ie-friendly --save-dev\r\n```\r\n\r\nOnce the plugin has been installed, it may be enabled inside your Gruntfile with this line of JavaScript:\r\n\r\n```js\r\ngrunt.loadNpmTasks(\'grunt-ie-friendly\');\r\n```\r\n\r\n## The "iefriendly" task\r\n\r\n### Overview\r\nIn your project\'s Gruntfile, add a section named `iefriendly` to the data object passed into `grunt.initConfig()`.\r\n\r\n```js\r\ngrunt.initConfig({\r\n  iefriendly: {\r\n    default_options: {\r\n      options: {\r\n        // No current options.\r\n      },\r\n      files: {\r\n        \'filepath/output.css\': \'filepath/source.css\',\r\n      }\r\n    }\r\n  },\r\n});\r\n```\r\n\r\n### Options\r\n\r\n#### options.minify\r\n\r\nEarmarked for release 0.2\r\n\r\n\r\n### Roadmap\r\n\r\n0.1 testing against current project\r\n\r\n0.2 Add minification option\r\n\r\n\r\n## Contributing\r\nIn lieu of a formal styleguide, take care to maintain the existing coding style. Add unit tests for any new or changed functionality. Lint and test your code using [Grunt](http://gruntjs.com/).\r\n\r\n## Release History\r\n0.0.1 Initial release\r\n\r\n0.1.0 package.json updates\r\n\r\n0.1.1 plugin testing\r\n',
60 silly resolved     readmeFilename: 'README.md',
60 silly resolved     _id: 'grunt-ie-friendly@0.1.2',
60 silly resolved     _from: 'grunt-ie-friendly@' } ]
61 info install grunt-ie-friendly@0.1.2 into /Volumes/Data/Documents/Work/NG/Elion/elion-style/Elion-style
62 info installOne grunt-ie-friendly@0.1.2
63 verbose from cache /Users/Mare/.npm/grunt-ie-friendly/0.1.2/package/package.json
64 info /Volumes/Data/Documents/Work/NG/Elion/elion-style/Elion-style/node_modules/grunt-ie-friendly unbuild
65 verbose read json /Volumes/Data/Documents/Work/NG/Elion/elion-style/Elion-style/node_modules/grunt-ie-friendly/package.json
66 verbose tar unpack /Users/Mare/.npm/grunt-ie-friendly/0.1.2/package.tgz
67 silly lockFile 6e6f0f0b-e-node-modules-grunt-ie-friendly /Volumes/Data/Documents/Work/NG/Elion/elion-style/Elion-style/node_modules/grunt-ie-friendly
68 verbose lock /Volumes/Data/Documents/Work/NG/Elion/elion-style/Elion-style/node_modules/grunt-ie-friendly /Users/Mare/.npm/6e6f0f0b-e-node-modules-grunt-ie-friendly.lock
69 silly lockFile 63346729-nt-ie-friendly-0-1-2-package-tgz /Users/Mare/.npm/grunt-ie-friendly/0.1.2/package.tgz
70 verbose lock /Users/Mare/.npm/grunt-ie-friendly/0.1.2/package.tgz /Users/Mare/.npm/63346729-nt-ie-friendly-0-1-2-package-tgz.lock
71 silly gunzTarPerm modes [ '755', '644' ]
72 silly gunzTarPerm extractEntry package.json
73 silly gunzTarPerm extractEntry .npmignore
74 silly gunzTarPerm extractEntry README.md
75 silly gunzTarPerm extractEntry Gruntfile.js
76 silly gunzTarPerm extractEntry .jshintrc
77 silly gunzTarPerm extractEntry LICENSE-MIT
78 silly gunzTarPerm extractEntry tasks/ie_friendly.js
79 silly gunzTarPerm extractEntry test/ie_friendly_test.js
80 silly gunzTarPerm extractEntry test/expected/ie.css
81 silly gunzTarPerm extractEntry test/index.html
82 silly gunzTarPerm extractEntry test/original/ie.css
83 silly gunzTarPerm extractEntry test/original/large-example.css
84 verbose read json /Volumes/Data/Documents/Work/NG/Elion/elion-style/Elion-style/node_modules/grunt-ie-friendly/package.json
85 silly lockFile 6e6f0f0b-e-node-modules-grunt-ie-friendly /Volumes/Data/Documents/Work/NG/Elion/elion-style/Elion-style/node_modules/grunt-ie-friendly
86 silly lockFile 6e6f0f0b-e-node-modules-grunt-ie-friendly /Volumes/Data/Documents/Work/NG/Elion/elion-style/Elion-style/node_modules/grunt-ie-friendly
87 silly lockFile 63346729-nt-ie-friendly-0-1-2-package-tgz /Users/Mare/.npm/grunt-ie-friendly/0.1.2/package.tgz
88 silly lockFile 63346729-nt-ie-friendly-0-1-2-package-tgz /Users/Mare/.npm/grunt-ie-friendly/0.1.2/package.tgz
89 info preinstall grunt-ie-friendly@0.1.2
90 verbose from cache /Volumes/Data/Documents/Work/NG/Elion/elion-style/Elion-style/node_modules/grunt-ie-friendly/package.json
91 verbose readDependencies using package.json deps
92 verbose from cache /Volumes/Data/Documents/Work/NG/Elion/elion-style/Elion-style/node_modules/grunt-ie-friendly/package.json
93 verbose readDependencies using package.json deps
94 verbose cache add [ 'css-stringify@*', null ]
95 verbose cache add name=undefined spec="css-stringify@*" args=["css-stringify@*",null]
96 verbose parsed url { protocol: null,
96 verbose parsed url   slashes: null,
96 verbose parsed url   auth: null,
96 verbose parsed url   host: null,
96 verbose parsed url   port: null,
96 verbose parsed url   hostname: null,
96 verbose parsed url   hash: null,
96 verbose parsed url   search: null,
96 verbose parsed url   query: null,
96 verbose parsed url   pathname: 'css-stringify@*',
96 verbose parsed url   path: 'css-stringify@*',
96 verbose parsed url   href: 'css-stringify@*' }
97 verbose cache add name="css-stringify" spec="*" args=["css-stringify","*"]
98 verbose parsed url { protocol: null,
98 verbose parsed url   slashes: null,
98 verbose parsed url   auth: null,
98 verbose parsed url   host: null,
98 verbose parsed url   port: null,
98 verbose parsed url   hostname: null,
98 verbose parsed url   hash: null,
98 verbose parsed url   search: null,
98 verbose parsed url   query: null,
98 verbose parsed url   pathname: '*',
98 verbose parsed url   path: '*',
98 verbose parsed url   href: '*' }
99 verbose addNamed [ 'css-stringify', '*' ]
100 verbose addNamed [ null, '' ]
101 silly lockFile 7d10d460-css-stringify css-stringify@*
102 verbose lock css-stringify@* /Users/Mare/.npm/7d10d460-css-stringify.lock
103 silly addNameRange { name: 'css-stringify', range: '', hasData: false }
104 verbose url raw css-stringify
105 verbose url resolving [ 'https://registry.npmjs.org/', './css-stringify' ]
106 verbose url resolved https://registry.npmjs.org/css-stringify
107 info trying registry request attempt 1 at 10:48:53
108 verbose etag "3IK4RF34MPDN30BLAOQ6BA96J"
109 http GET https://registry.npmjs.org/css-stringify
110 http 304 https://registry.npmjs.org/css-stringify
111 silly registry.get cb [ 304,
111 silly registry.get   { date: 'Tue, 12 Aug 2014 07:48:53 GMT',
111 silly registry.get     server: 'Apache',
111 silly registry.get     via: '1.1 varnish',
111 silly registry.get     'last-modified': 'Tue, 12 Aug 2014 07:48:53 GMT',
111 silly registry.get     'cache-control': 'max-age=60',
111 silly registry.get     etag: '"3IK4RF34MPDN30BLAOQ6BA96J"',
111 silly registry.get     'x-served-by': 'cache-ams4128-AMS',
111 silly registry.get     'x-cache': 'HIT',
111 silly registry.get     'x-cache-hits': '1',
111 silly registry.get     'x-timer': 'S1407829733.393355,VS0,VE0',
111 silly registry.get     vary: 'Accept',
111 silly registry.get     'content-length': '0',
111 silly registry.get     'keep-alive': 'timeout=10, max=50',
111 silly registry.get     connection: 'Keep-Alive' } ]
112 verbose etag css-stringify from cache
113 silly addNameRange number 2 { name: 'css-stringify', range: '', hasData: true }
114 silly addNameRange versions [ 'css-stringify',
114 silly addNameRange   [ '1.0.0',
114 silly addNameRange     '1.0.1',
114 silly addNameRange     '1.0.2',
114 silly addNameRange     '1.0.3',
114 silly addNameRange     '1.0.4',
114 silly addNameRange     '1.0.5',
114 silly addNameRange     '1.1.0',
114 silly addNameRange     '1.2.0',
114 silly addNameRange     '1.3.0',
114 silly addNameRange     '1.3.1',
114 silly addNameRange     '1.3.2',
114 silly addNameRange     '1.4.0',
114 silly addNameRange     '1.4.1',
114 silly addNameRange     '2.0.0' ] ]
115 verbose addNamed [ 'css-stringify', '2.0.0' ]
116 verbose addNamed [ '2.0.0', '2.0.0' ]
117 silly lockFile b7b207ef-css-stringify-2-0-0 css-stringify@2.0.0
118 verbose lock css-stringify@2.0.0 /Users/Mare/.npm/b7b207ef-css-stringify-2-0-0.lock
119 verbose read json /Users/Mare/.npm/css-stringify/2.0.0/package/package.json
120 silly lockFile b7b207ef-css-stringify-2-0-0 css-stringify@2.0.0
121 silly lockFile b7b207ef-css-stringify-2-0-0 css-stringify@2.0.0
122 silly lockFile 7d10d460-css-stringify css-stringify@*
123 silly lockFile 7d10d460-css-stringify css-stringify@*
124 silly resolved [ { name: 'css-stringify',
124 silly resolved     version: '2.0.0',
124 silly resolved     description: 'CSS compiler',
124 silly resolved     main: 'index',
124 silly resolved     files: [ 'index.js' ],
124 silly resolved     dependencies: { css: '^2.0.0' },
124 silly resolved     author: { name: 'TJ Holowaychuk', email: 'tj@vision-media.ca' },
124 silly resolved     license: 'MIT',
124 silly resolved     repository:
124 silly resolved      { type: 'git',
124 silly resolved        url: 'https://github.com/reworkcss/css-stringify.git' },
124 silly resolved     keywords: [ 'css', 'stringify', 'stylesheet' ],
124 silly resolved     readme: '# css-stringify\n\n  JavaScript CSS stringifier for Node.js (exports the `stringify` method of [css](https://github.com/reworkcss/css))\n\n## Installation\n\n  $ npm install css-stringify\n\n## Usage\n\n  Please see the [css](https://github.com/reworkcss/css) module documentation.\n\n## License\n\n  MIT\n',
124 silly resolved     readmeFilename: 'Readme.md',
124 silly resolved     _id: 'css-stringify@2.0.0',
124 silly resolved     _from: 'css-stringify@*' } ]
125 info install css-stringify@2.0.0 into /Volumes/Data/Documents/Work/NG/Elion/elion-style/Elion-style/node_modules/grunt-ie-friendly
126 info installOne css-stringify@2.0.0
127 verbose from cache /Users/Mare/.npm/css-stringify/2.0.0/package/package.json
128 info /Volumes/Data/Documents/Work/NG/Elion/elion-style/Elion-style/node_modules/grunt-ie-friendly/node_modules/css-stringify unbuild
129 verbose read json /Volumes/Data/Documents/Work/NG/Elion/elion-style/Elion-style/node_modules/grunt-ie-friendly/node_modules/css-stringify/package.json
130 verbose tar unpack /Users/Mare/.npm/css-stringify/2.0.0/package.tgz
131 silly lockFile 055f1bbe-endly-node-modules-css-stringify /Volumes/Data/Documents/Work/NG/Elion/elion-style/Elion-style/node_modules/grunt-ie-friendly/node_modules/css-stringify
132 verbose lock /Volumes/Data/Documents/Work/NG/Elion/elion-style/Elion-style/node_modules/grunt-ie-friendly/node_modules/css-stringify /Users/Mare/.npm/055f1bbe-endly-node-modules-css-stringify.lock
133 silly lockFile 1187cffe--css-stringify-2-0-0-package-tgz /Users/Mare/.npm/css-stringify/2.0.0/package.tgz
134 verbose lock /Users/Mare/.npm/css-stringify/2.0.0/package.tgz /Users/Mare/.npm/1187cffe--css-stringify-2-0-0-package-tgz.lock
135 silly gunzTarPerm modes [ '755', '644' ]
136 silly gunzTarPerm extractEntry package.json
137 silly gunzTarPerm extractEntry index.js
138 silly gunzTarPerm extractEntry Readme.md
139 verbose read json /Volumes/Data/Documents/Work/NG/Elion/elion-style/Elion-style/node_modules/grunt-ie-friendly/node_modules/css-stringify/package.json
140 silly lockFile 055f1bbe-endly-node-modules-css-stringify /Volumes/Data/Documents/Work/NG/Elion/elion-style/Elion-style/node_modules/grunt-ie-friendly/node_modules/css-stringify
141 silly lockFile 055f1bbe-endly-node-modules-css-stringify /Volumes/Data/Documents/Work/NG/Elion/elion-style/Elion-style/node_modules/grunt-ie-friendly/node_modules/css-stringify
142 silly lockFile 1187cffe--css-stringify-2-0-0-package-tgz /Users/Mare/.npm/css-stringify/2.0.0/package.tgz
143 silly lockFile 1187cffe--css-stringify-2-0-0-package-tgz /Users/Mare/.npm/css-stringify/2.0.0/package.tgz
144 info preinstall css-stringify@2.0.0
145 verbose from cache /Volumes/Data/Documents/Work/NG/Elion/elion-style/Elion-style/node_modules/grunt-ie-friendly/node_modules/css-stringify/package.json
146 verbose readDependencies using package.json deps
147 verbose from cache /Volumes/Data/Documents/Work/NG/Elion/elion-style/Elion-style/node_modules/grunt-ie-friendly/node_modules/css-stringify/package.json
148 verbose readDependencies using package.json deps
149 verbose cache add [ 'css@^2.0.0', null ]
150 verbose cache add name=undefined spec="css@^2.0.0" args=["css@^2.0.0",null]
151 verbose parsed url { protocol: null,
151 verbose parsed url   slashes: null,
151 verbose parsed url   auth: null,
151 verbose parsed url   host: null,
151 verbose parsed url   port: null,
151 verbose parsed url   hostname: null,
151 verbose parsed url   hash: null,
151 verbose parsed url   search: null,
151 verbose parsed url   query: null,
151 verbose parsed url   pathname: 'css@^2.0.0',
151 verbose parsed url   path: 'css@^2.0.0',
151 verbose parsed url   href: 'css@^2.0.0' }
152 verbose cache add name="css" spec="^2.0.0" args=["css","^2.0.0"]
153 verbose parsed url { protocol: null,
153 verbose parsed url   slashes: null,
153 verbose parsed url   auth: null,
153 verbose parsed url   host: null,
153 verbose parsed url   port: null,
153 verbose parsed url   hostname: null,
153 verbose parsed url   hash: null,
153 verbose parsed url   search: null,
153 verbose parsed url   query: null,
153 verbose parsed url   pathname: '^2.0.0',
153 verbose parsed url   path: '^2.0.0',
153 verbose parsed url   href: '^2.0.0' }
154 verbose addNamed [ 'css', '^2.0.0' ]
155 verbose addNamed [ null, null ]
156 silly lockFile a3458ca5-css-2-0-0 css@^2.0.0
157 verbose lock css@^2.0.0 /Users/Mare/.npm/a3458ca5-css-2-0-0.lock
158 info addNameTag [ 'css', '^2.0.0' ]
159 verbose url raw css
160 verbose url resolving [ 'https://registry.npmjs.org/', './css' ]
161 verbose url resolved https://registry.npmjs.org/css
162 info trying registry request attempt 1 at 10:48:53
163 verbose etag "F4WETL7TVGQ7FUOENGKSLN06X"
164 http GET https://registry.npmjs.org/css
165 http 304 https://registry.npmjs.org/css
166 silly registry.get cb [ 304,
166 silly registry.get   { date: 'Tue, 12 Aug 2014 07:48:53 GMT',
166 silly registry.get     server: 'Apache',
166 silly registry.get     via: '1.1 varnish',
166 silly registry.get     'last-modified': 'Tue, 12 Aug 2014 07:48:53 GMT',
166 silly registry.get     'cache-control': 'max-age=60',
166 silly registry.get     etag: '"F4WETL7TVGQ7FUOENGKSLN06X"',
166 silly registry.get     'x-served-by': 'cache-ams4120-AMS',
166 silly registry.get     'x-cache': 'HIT',
166 silly registry.get     'x-cache-hits': '1',
166 silly registry.get     'x-timer': 'S1407829733.853112,VS0,VE0',
166 silly registry.get     vary: 'Accept',
166 silly registry.get     'content-length': '0',
166 silly registry.get     'keep-alive': 'timeout=10, max=50',
166 silly registry.get     connection: 'Keep-Alive' } ]
167 verbose etag css from cache
168 silly lockFile a3458ca5-css-2-0-0 css@^2.0.0
169 silly lockFile a3458ca5-css-2-0-0 css@^2.0.0
170 verbose about to build /Volumes/Data/Documents/Work/NG/Elion/elion-style/Elion-style/node_modules/grunt-ie-friendly/node_modules/css-stringify
171 info /Volumes/Data/Documents/Work/NG/Elion/elion-style/Elion-style/node_modules/grunt-ie-friendly/node_modules/css-stringify unbuild
172 verbose from cache /Volumes/Data/Documents/Work/NG/Elion/elion-style/Elion-style/node_modules/grunt-ie-friendly/node_modules/css-stringify/package.json
173 info preuninstall css-stringify@2.0.0
174 info uninstall css-stringify@2.0.0
175 verbose false,/Volumes/Data/Documents/Work/NG/Elion/elion-style/Elion-style/node_modules,/Volumes/Data/Documents/Work/NG/Elion/elion-style/Elion-style/node_modules/grunt-ie-friendly/node_modules unbuild css-stringify@2.0.0
176 info postuninstall css-stringify@2.0.0
177 verbose about to build /Volumes/Data/Documents/Work/NG/Elion/elion-style/Elion-style/node_modules/grunt-ie-friendly
178 info /Volumes/Data/Documents/Work/NG/Elion/elion-style/Elion-style/node_modules/grunt-ie-friendly unbuild
179 verbose from cache /Volumes/Data/Documents/Work/NG/Elion/elion-style/Elion-style/node_modules/grunt-ie-friendly/package.json
180 info preuninstall grunt-ie-friendly@0.1.2
181 info uninstall grunt-ie-friendly@0.1.2
182 verbose true,/Volumes/Data/Documents/Work/NG/Elion/elion-style/Elion-style/node_modules,/Volumes/Data/Documents/Work/NG/Elion/elion-style/Elion-style/node_modules unbuild grunt-ie-friendly@0.1.2
183 info postuninstall grunt-ie-friendly@0.1.2
184 error Error: No compatible version found: css@'^2.0.0'
184 error Valid install targets:
184 error ["1.0.0","1.0.1","1.0.2","1.0.3","1.0.4","1.0.5","1.0.6","1.0.7","1.0.8","1.1.0","1.2.0","1.3.0","1.3.1","1.4.0","1.4.1","1.4.2","1.4.3","1.4.4","1.6.0","2.0.0","2.1.0"]
184 error     at installTargetsError (/usr/local/lib/node_modules/npm/lib/cache.js:684:10)
184 error     at /usr/local/lib/node_modules/npm/lib/cache.js:606:10
184 error     at saved (/usr/local/lib/node_modules/npm/node_modules/npm-registry-client/lib/get.js:138:7)
184 error     at Object.oncomplete (fs.js:107:15)
185 error If you need help, you may report this log at:
185 error     <http://github.com/isaacs/npm/issues>
185 error or email it to:
185 error     <npm-@googlegroups.com>
186 error System Darwin 12.5.0
187 error command "node" "/usr/local/bin/npm" "install" "grunt-ie-friendly"
188 error cwd /Volumes/Data/Documents/Work/NG/Elion/elion-style/Elion-style
189 error node -v v0.10.1
190 error npm -v 1.2.15
191 verbose exit [ 1, true ]
